Plan: 4 datasets x 17 algorithms x 3 seeds = 204 runs
Config: /home/cz/RAISE/configs/experiments/configforalgo_fullspace.yaml
Output: /home/cz/RAISE/outputs-text-benchmarks


[1/68] triviaqa / randomalgo
  seed=42  running ...
  seed=42  -> ok  elapsed=2469s  best_score=0.4155
  seed=43  running ...
  seed=43  -> ok  elapsed=1833s  best_score=0.4246
  seed=44  running ...
  seed=44  -> ok  elapsed=990s  best_score=0.4103
  => avg_score=0.4168  (per_seed: 0.4155, 0.4246, 0.4103)

[2/68] triviaqa / greedy
  seed=42  running ...
  seed=42  -> ok  elapsed=986s  best_score=0.4099
  => avg_score=0.4099  (per_seed: 0.4099)

[3/68] triviaqa / coordinate_descent
  seed=42  running ...
  seed=42  -> ok  elapsed=799s  best_score=0.4083
  seed=43  running ...
  seed=43  -> ok  elapsed=873s  best_score=0.4197
  seed=44  running ...
  seed=44  -> ok  elapsed=1014s  best_score=0.4448
  => avg_score=0.4243  (per_seed: 0.4083, 0.4197, 0.4448)

[4/68] triviaqa / simulated_annealing
  seed=42  running ...
  seed=42  -> ok  elapsed=780s  best_score=0.2965
  seed=43  running ...
  seed=43  -> ok  elapsed=793s  best_score=0.3955
  seed=44  running ...
  seed=44  -> ok  elapsed=850s  best_score=0.3766
  => avg_score=0.3562  (per_seed: 0.2965, 0.3955, 0.3766)

[5/68] triviaqa / iterative_local_search
  seed=42  running ...
  seed=42  -> ok  elapsed=381s  best_score=0.3338
  seed=43  running ...
  seed=43  -> ok  elapsed=622s  best_score=0.3987
  seed=44  running ...
  seed=44  -> ok  elapsed=750s  best_score=0.4315
  => avg_score=0.3880  (per_seed: 0.3338, 0.3987, 0.4315)

[6/68] triviaqa / tpe
  seed=42  running ...
  seed=42  -> ok  elapsed=680s  best_score=0.4341
  seed=43  running ...
  seed=43  -> ok  elapsed=663s  best_score=0.4191
  seed=44  running ...
  seed=44  -> ok  elapsed=803s  best_score=0.4238
  => avg_score=0.4257  (per_seed: 0.4341, 0.4191, 0.4238)

[7/68] triviaqa / cross_entropy
  seed=42  running ...
  seed=42  -> ok  elapsed=729s  best_score=0.4241
  seed=43  running ...
  seed=43  -> ok  elapsed=950s  best_score=0.4271
  seed=44  running ...
  seed=44  -> ok  elapsed=673s  best_score=0.4384
  => avg_score=0.4299  (per_seed: 0.4241, 0.4271, 0.4384)

[8/68] triviaqa / regularized_evolution
  seed=42  running ...
  seed=42  -> ok  elapsed=643s  best_score=0.4428
  seed=43  running ...
  seed=43  -> ok  elapsed=757s  best_score=0.4450
  seed=44  running ...
  seed=44  -> ok  elapsed=727s  best_score=0.4137
  => avg_score=0.4338  (per_seed: 0.4428, 0.4450, 0.4137)

[9/68] triviaqa / mab_ts
  seed=42  running ...
  seed=42  -> ok  elapsed=528s  best_score=0.3766
  seed=43  running ...
  seed=43  -> ok  elapsed=562s  best_score=0.4298
  seed=44  running ...
  seed=44  -> ok  elapsed=606s  best_score=0.4259
  => avg_score=0.4108  (per_seed: 0.3766, 0.4298, 0.4259)

[10/68] triviaqa / mab_ucb
  seed=42  running ...
  seed=42  -> ok  elapsed=573s  best_score=0.3987
  seed=43  running ...
  seed=43  -> ok  elapsed=611s  best_score=0.4252
  seed=44  running ...
  seed=44  -> ok  elapsed=616s  best_score=0.4058
  => avg_score=0.4099  (per_seed: 0.3987, 0.4252, 0.4058)

[11/68] triviaqa / successive_halving
  seed=42  running ...
  seed=42  -> ok  elapsed=89s  best_score=0.5208
  seed=43  running ...
  seed=43  -> ok  elapsed=102s  best_score=0.2721
  seed=44  running ...
  seed=44  -> ok  elapsed=107s  best_score=0.4993
  => avg_score=0.4307  (per_seed: 0.5208, 0.2721, 0.4993)

[12/68] triviaqa / grpo
  seed=42  running ...
  seed=42  -> ok  elapsed=827s  best_score=0.4036
  seed=43  running ...
  seed=43  -> ok  elapsed=657s  best_score=0.4300
  seed=44  running ...
  seed=44  -> ok  elapsed=647s  best_score=0.4173
  => avg_score=0.4170  (per_seed: 0.4036, 0.4300, 0.4173)

[13/68] triviaqa / doctor_grpo
  seed=42  running ...
  seed=42  -> ok  elapsed=690s  best_score=0.4126
  seed=43  running ...
  seed=43  -> ok  elapsed=803s  best_score=0.4139
  seed=44  running ...
  seed=44  -> ok  elapsed=658s  best_score=0.4086
  => avg_score=0.4117  (per_seed: 0.4126, 0.4139, 0.4086)

[14/68] triviaqa / ppo
  seed=42  running ...
  seed=42  -> ok  elapsed=727s  best_score=0.4281
  seed=43  running ...
  seed=43  -> ok  elapsed=603s  best_score=0.4151
  seed=44  running ...
  seed=44  -> ok  elapsed=659s  best_score=0.4186
  => avg_score=0.4206  (per_seed: 0.4281, 0.4151, 0.4186)

[15/68] triviaqa / reinforce_pp
  seed=42  running ...
  seed=42  -> ok  elapsed=623s  best_score=0.4159
  seed=43  running ...
  seed=43  -> ok  elapsed=678s  best_score=0.4057
  seed=44  running ...
  seed=44  -> ok  elapsed=666s  best_score=0.4236
  => avg_score=0.4151  (per_seed: 0.4159, 0.4057, 0.4236)

[16/68] triviaqa / upperbound
  seed=42  running ...
  seed=42  -> ok  elapsed=454s

[17/68] triviaqa / thupperbound
  seed=42  running ...
  seed=42  -> failed  elapsed=2s

[18/68] hotpotqa / randomalgo
  seed=42  running ...
  seed=42  -> ok  elapsed=3315s  best_score=0.4881
  seed=43  running ...
  seed=43  -> ok  elapsed=3098s  best_score=0.4724
  seed=44  running ...
  seed=44  -> ok  elapsed=3251s  best_score=0.4851
  => avg_score=0.4819  (per_seed: 0.4881, 0.4724, 0.4851)

[19/68] hotpotqa / greedy
  seed=42  running ...
  seed=42  -> ok  elapsed=4873s  best_score=0.4398
  => avg_score=0.4398  (per_seed: 0.4398)

[20/68] hotpotqa / coordinate_descent
  seed=42  running ...
  seed=42  -> ok  elapsed=4636s  best_score=0.4423
  seed=43  running ...
  seed=43  -> ok  elapsed=1096s  best_score=0.5048
  seed=44  running ...
  seed=44  -> ok  elapsed=868s  best_score=0.4787
  => avg_score=0.4753  (per_seed: 0.4423, 0.5048, 0.4787)

[21/68] hotpotqa / simulated_annealing
  seed=42  running ...
  seed=42  -> ok  elapsed=1995s  best_score=0.5219
  seed=43  running ...
  seed=43  -> ok  elapsed=3237s  best_score=0.4434
  seed=44  running ...
  seed=44  -> ok  elapsed=1236s  best_score=0.4368
  => avg_score=0.4674  (per_seed: 0.5219, 0.4434, 0.4368)

[22/68] hotpotqa / iterative_local_search
  seed=42  running ...
  seed=42  -> ok  elapsed=4464s  best_score=0.4378
  seed=43  running ...
  seed=43  -> ok  elapsed=520s  best_score=0.5156
  seed=44  running ...
  seed=44  -> ok  elapsed=503s  best_score=0.4672
  => avg_score=0.4735  (per_seed: 0.4378, 0.5156, 0.4672)

[23/68] hotpotqa / tpe
  seed=42  running ...
  seed=42  -> ok  elapsed=1265s  best_score=0.5231
  seed=43  running ...
  seed=43  -> ok  elapsed=1442s  best_score=0.5442
  seed=44  running ...
  seed=44  -> ok  elapsed=668s  best_score=0.5123
  => avg_score=0.5265  (per_seed: 0.5231, 0.5442, 0.5123)

[24/68] hotpotqa / cross_entropy
  seed=42  running ...
  seed=42  -> ok  elapsed=399s  best_score=0.5224
  seed=43  running ...
  seed=43  -> ok  elapsed=784s  best_score=0.5375
  seed=44  running ...
  seed=44  -> ok  elapsed=2308s  best_score=0.4884
  => avg_score=0.5161  (per_seed: 0.5224, 0.5375, 0.4884)

[25/68] hotpotqa / regularized_evolution
  seed=42  running ...
  seed=42  -> ok  elapsed=1604s  best_score=0.4947
  seed=43  running ...
  seed=43  -> ok  elapsed=1257s  best_score=0.5027
  seed=44  running ...
  seed=44  -> ok  elapsed=1709s  best_score=0.4911
  => avg_score=0.4962  (per_seed: 0.4947, 0.5027, 0.4911)

[26/68] hotpotqa / mab_ts
  seed=42  running ...
  seed=42  -> ok  elapsed=2747s  best_score=0.4971
  seed=43  running ...
  seed=43  -> ok  elapsed=2575s  best_score=0.4305
  seed=44  running ...
  seed=44  -> ok  elapsed=2165s  best_score=0.4660
  => avg_score=0.4645  (per_seed: 0.4971, 0.4305, 0.4660)

[27/68] hotpotqa / mab_ucb
  seed=42  running ...
  seed=42  -> ok  elapsed=2317s  best_score=0.4491
  seed=43  running ...
  seed=43  -> ok  elapsed=2485s  best_score=0.4932
  seed=44  running ...
  seed=44  -> ok  elapsed=2350s  best_score=0.5431
  => avg_score=0.4952  (per_seed: 0.4491, 0.4932, 0.5431)

[28/68] hotpotqa / successive_halving
  seed=42  running ...
  seed=42  -> ok  elapsed=61s  best_score=0.1400
  seed=43  running ...
  seed=43  -> ok  elapsed=2397s  best_score=0.7512
  seed=44  running ...
  seed=44  -> ok  elapsed=53s  best_score=0.4229
  => avg_score=0.4381  (per_seed: 0.1400, 0.7512, 0.4229)

[29/68] hotpotqa / grpo
  seed=42  running ...
  seed=42  -> ok  elapsed=1798s  best_score=0.5220
  seed=43  running ...
  seed=43  -> ok  elapsed=1509s  best_score=0.4990
  seed=44  running ...
  seed=44  -> ok  elapsed=1377s  best_score=0.4851
  => avg_score=0.5021  (per_seed: 0.5220, 0.4990, 0.4851)

[30/68] hotpotqa / doctor_grpo
  seed=42  running ...
  seed=42  -> ok  elapsed=1685s  best_score=0.5179
  seed=43  running ...
  seed=43  -> ok  elapsed=1319s  best_score=0.4942
  seed=44  running ...
  seed=44  -> ok  elapsed=803s  best_score=0.4992
  => avg_score=0.5037  (per_seed: 0.5179, 0.4942, 0.4992)

[31/68] hotpotqa / ppo
  seed=42  running ...
  seed=42  -> ok  elapsed=1983s  best_score=0.4865
  seed=43  running ...
  seed=43  -> ok  elapsed=1805s  best_score=0.4942
  seed=44  running ...
  seed=44  -> ok  elapsed=1438s  best_score=0.4992
  => avg_score=0.4933  (per_seed: 0.4865, 0.4942, 0.4992)

[32/68] hotpotqa / reinforce_pp
  seed=42  running ...
  seed=42  -> ok  elapsed=1748s  best_score=0.5220
  seed=43  running ...
  seed=43  -> ok  elapsed=1674s  best_score=0.4938
  seed=44  running ...
  seed=44  -> ok  elapsed=1636s  best_score=0.5015
  => avg_score=0.5058  (per_seed: 0.5220, 0.4938, 0.5015)

[33/68] hotpotqa / upperbound
  seed=42  running ...
  seed=42  -> ok  elapsed=46s

[34/68] hotpotqa / thupperbound
  seed=42  running ...
  seed=42  -> failed  elapsed=1s

[35/68] msmarco / randomalgo
  seed=42  running ...
  seed=42  -> ok  elapsed=450s  best_score=0.0973
  seed=43  running ...
  seed=43  -> ok  elapsed=445s  best_score=0.1237
  seed=44  running ...
  seed=44  -> ok  elapsed=388s  best_score=0.1214
  => avg_score=0.1141  (per_seed: 0.0973, 0.1237, 0.1214)

[36/68] msmarco / greedy
  seed=42  running ...
  seed=42  -> ok  elapsed=318s  best_score=0.1237
  => avg_score=0.1237  (per_seed: 0.1237)

[37/68] msmarco / coordinate_descent
  seed=42  running ...
  seed=42  -> ok  elapsed=253s  best_score=0.1279
  seed=43  running ...
  seed=43  -> ok  elapsed=357s  best_score=0.1132
  seed=44  running ...
  seed=44  -> ok  elapsed=262s  best_score=0.1354
  => avg_score=0.1255  (per_seed: 0.1279, 0.1132, 0.1354)

[38/68] msmarco / simulated_annealing
  seed=42  running ...
  seed=42  -> ok  elapsed=253s  best_score=0.1215
  seed=43  running ...
  seed=43  -> ok  elapsed=329s  best_score=0.1203
  seed=44  running ...
  seed=44  -> ok  elapsed=275s  best_score=0.1041
  => avg_score=0.1153  (per_seed: 0.1215, 0.1203, 0.1041)

[39/68] msmarco / iterative_local_search
  seed=42  running ...
  seed=42  -> ok  elapsed=278s  best_score=0.1379
  seed=43  running ...
  seed=43  -> ok  elapsed=223s  best_score=0.1330
  seed=44  running ...
  seed=44  -> ok  elapsed=183s  best_score=0.1179
  => avg_score=0.1296  (per_seed: 0.1379, 0.1330, 0.1179)

[40/68] msmarco / tpe
  seed=42  running ...
  seed=42  -> ok  elapsed=304s  best_score=0.1218
  seed=43  running ...
  seed=43  -> ok  elapsed=280s  best_score=0.1344
  seed=44  running ...
  seed=44  -> ok  elapsed=267s  best_score=0.1381
  => avg_score=0.1314  (per_seed: 0.1218, 0.1344, 0.1381)

[41/68] msmarco / cross_entropy
  seed=42  running ...
  seed=42  -> ok  elapsed=264s  best_score=0.4284
  seed=43  running ...
  seed=43  -> ok  elapsed=311s  best_score=0.1258
  seed=44  running ...
  seed=44  -> ok  elapsed=294s  best_score=0.1295
  => avg_score=0.2279  (per_seed: 0.4284, 0.1258, 0.1295)

[42/68] msmarco / regularized_evolution
  seed=42  running ...
  seed=42  -> ok  elapsed=253s  best_score=0.1241
  seed=43  running ...
  seed=43  -> ok  elapsed=264s  best_score=0.1380
  seed=44  running ...
  seed=44  -> ok  elapsed=209s  best_score=0.1318
  => avg_score=0.1313  (per_seed: 0.1241, 0.1380, 0.1318)

[43/68] msmarco / mab_ts
  seed=42  running ...
  seed=42  -> ok  elapsed=298s  best_score=0.1252
  seed=43  running ...
  seed=43  -> ok  elapsed=315s  best_score=0.1258
  seed=44  running ...
  seed=44  -> ok  elapsed=343s  best_score=0.1252
  => avg_score=0.1254  (per_seed: 0.1252, 0.1258, 0.1252)

[44/68] msmarco / mab_ucb
  seed=42  running ...
  seed=42  -> ok  elapsed=309s  best_score=0.4397
  seed=43  running ...
  seed=43  -> ok  elapsed=327s  best_score=0.1265
  seed=44  running ...
  seed=44  -> ok  elapsed=296s  best_score=0.1350
  => avg_score=0.2337  (per_seed: 0.4397, 0.1265, 0.1350)

[45/68] msmarco / successive_halving
  seed=42  running ...
  seed=42  -> ok  elapsed=119s  best_score=0.2141
  seed=43  running ...
  seed=43  -> ok  elapsed=106s  best_score=0.2745
  seed=44  running ...
  seed=44  -> ok  elapsed=62s  best_score=0.1580
  => avg_score=0.2155  (per_seed: 0.2141, 0.2745, 0.1580)

[46/68] msmarco / grpo
  seed=42  running ...
  seed=42  -> ok  elapsed=282s  best_score=0.1256
  seed=43  running ...
  seed=43  -> ok  elapsed=262s  best_score=0.1274
  seed=44  running ...
  seed=44  -> ok  elapsed=291s  best_score=0.1250
  => avg_score=0.1260  (per_seed: 0.1256, 0.1274, 0.1250)

[47/68] msmarco / doctor_grpo
  seed=42  running ...
  seed=42  -> ok  elapsed=312s  best_score=0.1320
  seed=43  running ...
  seed=43  -> ok  elapsed=276s  best_score=0.1328
  seed=44  running ...
  seed=44  -> ok  elapsed=265s  best_score=0.1236
  => avg_score=0.1295  (per_seed: 0.1320, 0.1328, 0.1236)

[48/68] msmarco / ppo
  seed=42  running ...
  seed=42  -> ok  elapsed=300s  best_score=0.1256
  seed=43  running ...
  seed=43  -> ok  elapsed=268s  best_score=0.1250
  seed=44  running ...
  seed=44  -> ok  elapsed=265s  best_score=0.1196
  => avg_score=0.1234  (per_seed: 0.1256, 0.1250, 0.1196)

[49/68] msmarco / reinforce_pp
  seed=42  running ...
  seed=42  -> ok  elapsed=295s  best_score=0.1320
  seed=43  running ...
  seed=43  -> ok  elapsed=270s  best_score=0.1264
  seed=44  running ...
  seed=44  -> ok  elapsed=270s  best_score=0.1237
  => avg_score=0.1274  (per_seed: 0.1320, 0.1264, 0.1237)

[50/68] msmarco / upperbound
  seed=42  running ...
  seed=42  -> ok  elapsed=85s

[51/68] msmarco / thupperbound
  seed=42  running ...
  seed=42  -> failed  elapsed=1s

[52/68] squadv2 / randomalgo
  seed=42  running ...
  seed=42  -> ok  elapsed=271s  best_score=0.1689
  seed=43  running ...
  seed=43  -> ok  elapsed=267s  best_score=0.1685
  seed=44  running ...
  seed=44  -> ok  elapsed=244s  best_score=0.2158
  => avg_score=0.1844  (per_seed: 0.1689, 0.1685, 0.2158)

[53/68] squadv2 / greedy
  seed=42  running ...
  seed=42  -> ok  elapsed=170s  best_score=0.1507
  => avg_score=0.1507  (per_seed: 0.1507)

[54/68] squadv2 / coordinate_descent
  seed=42  running ...
  seed=42  -> ok  elapsed=182s  best_score=0.2378
  seed=43  running ...
  seed=43  -> ok  elapsed=438s  best_score=0.1539
  seed=44  running ...
  seed=44  -> ok  elapsed=233s  best_score=0.1699
  => avg_score=0.1872  (per_seed: 0.2378, 0.1539, 0.1699)

[55/68] squadv2 / simulated_annealing
  seed=42  running ...
  seed=42  -> ok  elapsed=205s  best_score=0.2260
  seed=43  running ...
  seed=43  -> ok  elapsed=410s  best_score=0.1853
  seed=44  running ...
  seed=44  -> ok  elapsed=448s  best_score=0.1805
  => avg_score=0.1973  (per_seed: 0.2260, 0.1853, 0.1805)

[56/68] squadv2 / iterative_local_search
  seed=42  running ...
  seed=42  -> ok  elapsed=183s  best_score=0.1629
  seed=43  running ...
  seed=43  -> ok  elapsed=238s  best_score=0.1885
  seed=44  running ...
  seed=44  -> ok  elapsed=157s  best_score=0.2304
  => avg_score=0.1939  (per_seed: 0.1629, 0.1885, 0.2304)

[57/68] squadv2 / tpe
  seed=42  running ...
  seed=42  -> ok  elapsed=210s  best_score=0.2045
  seed=43  running ...
  seed=43  -> ok  elapsed=189s  best_score=0.1995
  seed=44  running ...
  seed=44  -> ok  elapsed=204s  best_score=0.1855
  => avg_score=0.1965  (per_seed: 0.2045, 0.1995, 0.1855)

[58/68] squadv2 / cross_entropy
  seed=42  running ...
  seed=42  -> ok  elapsed=186s  best_score=0.2274
  seed=43  running ...
  seed=43  -> ok  elapsed=198s  best_score=0.2280
  seed=44  running ...
  seed=44  -> ok  elapsed=199s  best_score=0.1902
  => avg_score=0.2152  (per_seed: 0.2274, 0.2280, 0.1902)

[59/68] squadv2 / regularized_evolution
  seed=42  running ...
  seed=42  -> ok  elapsed=264s  best_score=0.2329
  seed=43  running ...
  seed=43  -> ok  elapsed=244s  best_score=0.1884
  seed=44  running ...
  seed=44  -> ok  elapsed=264s  best_score=0.2300
  => avg_score=0.2171  (per_seed: 0.2329, 0.1884, 0.2300)

[60/68] squadv2 / mab_ts
  seed=42  running ...
  seed=42  -> ok  elapsed=234s  best_score=0.2029
  seed=43  running ...
  seed=43  -> ok  elapsed=211s  best_score=0.1933
  seed=44  running ...
  seed=44  -> ok  elapsed=227s  best_score=0.1805
  => avg_score=0.1922  (per_seed: 0.2029, 0.1933, 0.1805)

[61/68] squadv2 / mab_ucb
  seed=42  running ...
  seed=42  -> ok  elapsed=238s  best_score=0.2045
  seed=43  running ...
  seed=43  -> ok  elapsed=232s  best_score=0.1960
  seed=44  running ...
  seed=44  -> ok  elapsed=203s  best_score=0.1850
  => avg_score=0.1951  (per_seed: 0.2045, 0.1960, 0.1850)

[62/68] squadv2 / successive_halving
  seed=42  running ...
  seed=42  -> ok  elapsed=76s  best_score=0.4656
  seed=43  running ...
  seed=43  -> ok  elapsed=69s  best_score=0.3878
  seed=44  running ...
  seed=44  -> ok  elapsed=58s  best_score=0.7512
  => avg_score=0.5349  (per_seed: 0.4656, 0.3878, 0.7512)

[63/68] squadv2 / grpo
  seed=42  running ...
  seed=42  -> ok  elapsed=217s  best_score=0.2316
  seed=43  running ...
  seed=43  -> ok  elapsed=219s  best_score=0.1741
  seed=44  running ...
  seed=44  -> ok  elapsed=184s  best_score=0.1959
  => avg_score=0.2005  (per_seed: 0.2316, 0.1741, 0.1959)

[64/68] squadv2 / doctor_grpo
  seed=42  running ...
  seed=42  -> ok  elapsed=216s  best_score=0.2203
  seed=43  running ...
  seed=43  -> ok  elapsed=398s  best_score=0.2300
  seed=44  running ...
  seed=44  -> ok  elapsed=219s  best_score=0.1817
  => avg_score=0.2107  (per_seed: 0.2203, 0.2300, 0.1817)

[65/68] squadv2 / ppo
  seed=42  running ...
  seed=42  -> ok  elapsed=199s  best_score=0.1819
  seed=43  running ...
  seed=43  -> ok  elapsed=222s  best_score=0.2375
  seed=44  running ...
  seed=44  -> ok  elapsed=250s  best_score=0.1823
  => avg_score=0.2006  (per_seed: 0.1819, 0.2375, 0.1823)

[66/68] squadv2 / reinforce_pp
  seed=42  running ...
  seed=42  -> ok  elapsed=242s  best_score=0.1973
  seed=43  running ...
  seed=43  -> ok  elapsed=220s  best_score=0.1753
  seed=44  running ...
  seed=44  -> ok  elapsed=228s  best_score=0.1885
  => avg_score=0.1870  (per_seed: 0.1973, 0.1753, 0.1885)

[67/68] squadv2 / upperbound
  seed=42  running ...
  seed=42  -> ok  elapsed=41s

[68/68] squadv2 / thupperbound
  seed=42  running ...
  seed=42  -> failed  elapsed=1s

Manifest: /home/cz/RAISE/outputs-text-benchmarks/manifest.json

===== Summary (avg over seeds) =====
Dataset                   Algorithm                 Seeds   AvgScore   Status
-----------------------------------------------------------------------------
triviaqa                  randomalgo                    3     0.4168       OK
triviaqa                  greedy                        1     0.4099       OK
triviaqa                  coordinate_descent            3     0.4243       OK
triviaqa                  simulated_annealing           3     0.3562       OK
triviaqa                  iterative_local_search        3     0.3880       OK
triviaqa                  tpe                           3     0.4257       OK
triviaqa                  cross_entropy                 3     0.4299       OK
triviaqa                  regularized_evolution         3     0.4338       OK
triviaqa                  mab_ts                        3     0.4108       OK
triviaqa                  mab_ucb                       3     0.4099       OK
triviaqa                  successive_halving            3     0.4307       OK
triviaqa                  grpo                          3     0.4170       OK
triviaqa                  doctor_grpo                   3     0.4117       OK
triviaqa                  ppo                           3     0.4206       OK
triviaqa                  reinforce_pp                  3     0.4151       OK
triviaqa                  upperbound                    1          -       OK
triviaqa                  thupperbound                  1          -     FAIL
hotpotqa                  randomalgo                    3     0.4819       OK
hotpotqa                  greedy                        1     0.4398       OK
hotpotqa                  coordinate_descent            3     0.4753       OK
hotpotqa                  simulated_annealing           3     0.4674       OK
hotpotqa                  iterative_local_search        3     0.4735       OK
hotpotqa                  tpe                           3     0.5265       OK
hotpotqa                  cross_entropy                 3     0.5161       OK
hotpotqa                  regularized_evolution         3     0.4962       OK
hotpotqa                  mab_ts                        3     0.4645       OK
hotpotqa                  mab_ucb                       3     0.4952       OK
hotpotqa                  successive_halving            3     0.4381       OK
hotpotqa                  grpo                          3     0.5021       OK
hotpotqa                  doctor_grpo                   3     0.5037       OK
hotpotqa                  ppo                           3     0.4933       OK
hotpotqa                  reinforce_pp                  3     0.5058       OK
hotpotqa                  upperbound                    1          -       OK
hotpotqa                  thupperbound                  1          -     FAIL
msmarco                   randomalgo                    3     0.1141       OK
msmarco                   greedy                        1     0.1237       OK
msmarco                   coordinate_descent            3     0.1255       OK
msmarco                   simulated_annealing           3     0.1153       OK
msmarco                   iterative_local_search        3     0.1296       OK
msmarco                   tpe                           3     0.1314       OK
msmarco                   cross_entropy                 3     0.2279       OK
msmarco                   regularized_evolution         3     0.1313       OK
msmarco                   mab_ts                        3     0.1254       OK
msmarco                   mab_ucb                       3     0.2337       OK
msmarco                   successive_halving            3     0.2155       OK
msmarco                   grpo                          3     0.1260       OK
msmarco                   doctor_grpo                   3     0.1295       OK
msmarco                   ppo                           3     0.1234       OK
msmarco                   reinforce_pp                  3     0.1274       OK
msmarco                   upperbound                    1          -       OK
msmarco                   thupperbound                  1          -     FAIL
squadv2                   randomalgo                    3     0.1844       OK
squadv2                   greedy                        1     0.1507       OK
squadv2                   coordinate_descent            3     0.1872       OK
squadv2                   simulated_annealing           3     0.1973       OK
squadv2                   iterative_local_search        3     0.1939       OK
squadv2                   tpe                           3     0.1965       OK
squadv2                   cross_entropy                 3     0.2152       OK
squadv2                   regularized_evolution         3     0.2171       OK
squadv2                   mab_ts                        3     0.1922       OK
squadv2                   mab_ucb                       3     0.1951       OK
squadv2                   successive_halving            3     0.5349       OK
squadv2                   grpo                          3     0.2005       OK
squadv2                   doctor_grpo                   3     0.2107       OK
squadv2                   ppo                           3     0.2006       OK
squadv2                   reinforce_pp                  3     0.1870       OK
squadv2                   upperbound                    1          -       OK
squadv2                   thupperbound                  1          -     FAIL

===== Detailed Average Metrics =====
Dataset                Algorithm              BERTScore-F1         BLEU           F1       LLMAAJ       METEOR      ROUGE-L
---------------------------------------------------------------------------------------------------------------------------
triviaqa               randomalgo                   0.7120       0.1973       0.5621       0.8500       0.5000       0.5530
triviaqa               greedy                       0.7069       0.1838       0.5573       0.9000       0.5000       0.5458
triviaqa               coordinate_descent           0.7307       0.1957       0.5873       0.8667       0.5000       0.5772
triviaqa               simulated_annealing          0.6451       0.1310       0.4498       0.8333       0.5000       0.4376
triviaqa               iterative_local_search       0.6792       0.1773       0.4994       0.7833       0.5000       0.4867
triviaqa               tpe                          0.7226       0.2112       0.5782       0.8833       0.5000       0.5659
triviaqa               cross_entropy                0.7361       0.2112       0.5938       0.9000       0.5000       0.5784
triviaqa               regularized_evolution        0.7281       0.2267       0.5849       0.9167       0.5000       0.5747
triviaqa               mab_ts                       0.7072       0.1986       0.5426       0.8167       0.5000       0.5337
triviaqa               mab_ucb                      0.7111       0.1891       0.5507       0.8167       0.5000       0.5406
triviaqa               successive_halving           0.9265       0.4033       0.8889       0.6667       0.0000       0.8889
triviaqa               grpo                         0.7140       0.1919       0.5745       0.9000       0.5000       0.5590
triviaqa               doctor_grpo                  0.7118       0.1852       0.5599       0.9000       0.5000       0.5498
triviaqa               ppo                          0.7302       0.1840       0.5916       0.8833       0.5000       0.5777
triviaqa               reinforce_pp                 0.7078       0.2034       0.5560       0.8667       0.5000       0.5417
triviaqa               upperbound                   0.0000       0.0000       0.0000       0.0000       0.0000       0.0000
triviaqa               thupperbound                 0.0000       0.0000       0.0000       0.0000       0.0000       0.0000
hotpotqa               randomalgo                   0.5886       0.1782       0.3994       0.7167       0.8775       0.3899
hotpotqa               greedy                       0.5653       0.1483       0.3647       0.7000       0.8081       0.3629
hotpotqa               coordinate_descent           0.5465       0.1694       0.3522       0.7833       0.9051       0.3513
hotpotqa               simulated_annealing          0.5599       0.1621       0.3573       0.8000       0.8840       0.3560
hotpotqa               iterative_local_search       0.5527       0.1612       0.3362       0.8667       0.9232       0.3362
hotpotqa               tpe                          0.6219       0.2170       0.4431       0.8167       0.9194       0.4431
hotpotqa               cross_entropy                0.6408       0.2118       0.4752       0.8167       0.8708       0.4657
hotpotqa               regularized_evolution        0.6039       0.1809       0.4203       0.8500       0.8969       0.4107
hotpotqa               mab_ts                       0.5595       0.1589       0.3361       0.7833       0.8985       0.3361
hotpotqa               mab_ucb                      0.6244       0.1922       0.4406       0.7667       0.8526       0.4406
hotpotqa               successive_halving           0.7788       0.2060       0.6291       0.4444       0.4792       0.6291
hotpotqa               grpo                         0.6054       0.1930       0.4244       0.7167       0.8888       0.4244
hotpotqa               doctor_grpo                  0.6207       0.1966       0.4417       0.8333       0.8730       0.4417
hotpotqa               ppo                          0.5879       0.1797       0.4031       0.8000       0.8970       0.4031
hotpotqa               reinforce_pp                 0.6465       0.2026       0.4773       0.7667       0.8374       0.4773
hotpotqa               upperbound                   0.0000       0.0000       0.0000       0.0000       0.0000       0.0000
hotpotqa               thupperbound                 0.0000       0.0000       0.0000       0.0000       0.0000       0.0000
msmarco                randomalgo                   0.5388       0.0948       0.2710       0.7833       0.0000       0.2476
msmarco                greedy                       0.5440       0.1076       0.2768       0.7000       0.0000       0.2635
msmarco                coordinate_descent           0.5562       0.0983       0.3030       0.7833       0.0000       0.2783
msmarco                simulated_annealing          0.5468       0.1003       0.2770       0.7500       0.0000       0.2456
msmarco                iterative_local_search       0.5615       0.1134       0.3101       0.7833       0.0000       0.2754
msmarco                tpe                          0.5614       0.1090       0.3108       0.7500       0.0000       0.2853
msmarco                cross_entropy                0.5414       0.0987       0.2751       0.7667       0.3333       0.2517
msmarco                regularized_evolution        0.5603       0.1095       0.3067       0.7833       0.0000       0.2845
msmarco                mab_ts                       0.5549       0.1016       0.2969       0.7333       0.0000       0.2745
msmarco                mab_ucb                      0.5492       0.1085       0.2934       0.7667       0.3333       0.2594
msmarco                successive_halving           0.6945       0.1757       0.5995       0.6667       0.0000       0.4708
msmarco                grpo                         0.5507       0.1107       0.3016       0.8000       0.0000       0.2673
msmarco                doctor_grpo                  0.5524       0.1092       0.3107       0.7833       0.0000       0.2791
msmarco                ppo                          0.5500       0.1075       0.2928       0.7500       0.0000       0.2626
msmarco                reinforce_pp                 0.5520       0.1009       0.3112       0.8000       0.0000       0.2812
msmarco                upperbound                   0.0000       0.0000       0.0000       0.0000       0.0000       0.0000
msmarco                thupperbound                 0.0000       0.0000       0.0000       0.0000       0.0000       0.0000
squadv2                randomalgo                   0.4264       0.0629       0.2090       0.6667       0.2812       0.2090
squadv2                greedy                       0.4619       0.0603       0.2734       0.7000       0.1250       0.2667
squadv2                coordinate_descent           0.4416       0.0636       0.2463       0.7000       0.2521       0.2458
squadv2                simulated_annealing          0.4364       0.0758       0.2348       0.7167       0.2812       0.2348
squadv2                iterative_local_search       0.4383       0.0689       0.2317       0.7000       0.2812       0.2317
squadv2                tpe                          0.4296       0.0736       0.2348       0.6667       0.2812       0.2348
squadv2                cross_entropy                0.4444       0.0769       0.2466       0.7333       0.3281       0.2461
squadv2                regularized_evolution        0.4464       0.0757       0.2474       0.7333       0.3281       0.2474
squadv2                mab_ts                       0.4320       0.0712       0.2243       0.6667       0.2812       0.2243
squadv2                mab_ucb                      0.4307       0.0706       0.2336       0.6833       0.2812       0.2336
squadv2                successive_halving           0.7157       0.2023       0.6210       0.8889       0.7812       0.6210
squadv2                grpo                         0.4405       0.0743       0.2461       0.6833       0.2812       0.2461
squadv2                doctor_grpo                  0.4375       0.0697       0.2343       0.7333       0.3281       0.2343
squadv2                ppo                          0.4424       0.0775       0.2430       0.7167       0.2812       0.2430
squadv2                reinforce_pp                 0.4326       0.0711       0.2379       0.7000       0.2521       0.2379
squadv2                upperbound                   0.0000       0.0000       0.0000       0.0000       0.0000       0.0000
squadv2                thupperbound                 0.0000       0.0000       0.0000       0.0000       0.0000       0.0000

JSON report: /home/cz/RAISE/outputs-text-benchmarks/summary.json
CSV report: /home/cz/RAISE/outputs-text-benchmarks/summary.csv
